<?xml version="1.0" encoding="UTF-8"?>
<testsuite name="UsersLoginTest" skipped="0" failures="0" errors="0" tests="5" assertions="27" time="0.3555095545016229">
  <testcase name="test_login_with_invalid_information" classname="UsersLoginTest" assertions="4" time="0.0894307279959321">
  </testcase>
  <testcase name="test_login_with_remembering" classname="UsersLoginTest" assertions="3" time="0.021537476684898138">
  </testcase>
  <testcase name="test_login_with_valid_information" classname="UsersLoginTest" assertions="6" time="0.09775226982310414">
  </testcase>
  <testcase name="test_login_with_valid_information_followed_by_logout" classname="UsersLoginTest" assertions="12" time="0.10989761911332607">
  </testcase>
  <testcase name="test_login_without_remembering" classname="UsersLoginTest" assertions="2" time="0.03689146088436246">
  </testcase>
</testsuite>
