<?xml version="1.0" encoding="UTF-8"?>
<testsuite name="PasswordResetsTest" skipped="0" failures="0" errors="0" tests="2" assertions="22" time="0.4029094413854182">
  <testcase name="test_expired_token" classname="PasswordResetsTest" assertions="3" time="0.19711839174851775">
  </testcase>
  <testcase name="test_password_resets" classname="PasswordResetsTest" assertions="19" time="0.20579104963690042">
  </testcase>
</testsuite>
