<?xml version="1.0" encoding="UTF-8"?>
<testsuite name="UsersSignupTest" skipped="0" failures="0" errors="0" tests="2" assertions="15" time="0.5327583742327988">
  <testcase name="test_valid_signup_information_with_account_activation" classname="UsersSignupTest" assertions="10" time="0.4589884923771024">
  </testcase>
  <testcase name="test_invalid_signup_information" classname="UsersSignupTest" assertions="5" time="0.07376988185569644">
  </testcase>
</testsuite>
