<?xml version="1.0" encoding="UTF-8"?>
<testsuite name="MicropostTest" skipped="0" failures="0" errors="0" tests="5" assertions="5" time="0.04281908832490444">
  <testcase name="test_should_be_valid" classname="MicropostTest" assertions="1" time="0.007905757986009121">
  </testcase>
  <testcase name="test_user_id_should_be_present" classname="MicropostTest" assertions="1" time="0.008312494028359652">
  </testcase>
  <testcase name="test_content_should_be_at_most_140_characters" classname="MicropostTest" assertions="1" time="0.007727948948740959">
  </testcase>
  <testcase name="test_content_should_be_present" classname="MicropostTest" assertions="1" time="0.008049177005887032">
  </testcase>
  <testcase name="test_order_should_be_most_recent_first" classname="MicropostTest" assertions="1" time="0.010823710355907679">
  </testcase>
</testsuite>
