<?xml version="1.0" encoding="UTF-8"?>
<testsuite name="FollowingTest" skipped="0" failures="0" errors="0" tests="6" assertions="14" time="2.95816845074296">
  <testcase name="test_should_unfollow_a_user_with_Ajax" classname="FollowingTest" assertions="1" time="1.7483002305962145">
  </testcase>
  <testcase name="test_following_page" classname="FollowingTest" assertions="5" time="0.9230908723548055">
  </testcase>
  <testcase name="test_should_follow_a_user_the_standard_way" classname="FollowingTest" assertions="1" time="0.06540481094270945">
  </testcase>
  <testcase name="test_should_follow_a_user_with_Ajax" classname="FollowingTest" assertions="1" time="0.08388393698260188">
  </testcase>
  <testcase name="test_followers_page" classname="FollowingTest" assertions="5" time="0.08906426606699824">
  </testcase>
  <testcase name="test_should_unfollow_a_user_the_standard_way" classname="FollowingTest" assertions="1" time="0.048424333799630404">
  </testcase>
</testsuite>
